2026-07-08 09:55:44.281 [Thread-2] ERROR com.enactor.core.automation.AUT.AUTLauncher - Failed to start AUT.
java.lang.ClassNotFoundException: com.enactor.coreUI.web.PDP.tcp.PDPTCPListener
	at java.net.URLClassLoader.findClass(URLClassLoader.java:387) ~[?:1.8.0_361]
	at java.lang.ClassLoader.loadClass(ClassLoader.java:418) ~[?:1.8.0_361]
	at sun.misc.Launcher$AppClassLoader.loadClass(Launcher.java:355) ~[?:1.8.0_361]
	at java.lang.ClassLoader.loadClass(ClassLoader.java:351) ~[?:1.8.0_361]
	at java.lang.Class.forName0(Native Method) ~[?:1.8.0_361]
	at java.lang.Class.forName(Class.java:264) ~[?:1.8.0_361]
	at com.enactor.core.automation.AUT.AUTLauncher$AUTThread.run(AUTLauncher.java:249) ~[core-automation-3.0.9-SNAPSHOT.jar:3.0.9-SNAPSHOT]
2026-07-08 10:07:18.464 [main] ERROR com.enactor.core.automation.AUT.remote.AUTControllerServer - Failed to register AUT Server. 
java.rmi.AlreadyBoundException: AUTController
	at sun.rmi.registry.RegistryImpl.bind(RegistryImpl.java:245) ~[?:1.8.0_361]
	at sun.rmi.registry.RegistryImpl_Skel.dispatch(RegistryImpl_Skel.java:98) ~[?:1.8.0_361]
	at sun.rmi.server.UnicastServerRef.oldDispatch(UnicastServerRef.java:469) ~[?:1.8.0_361]
	at sun.rmi.server.UnicastServerRef.dispatch(UnicastServerRef.java:301) ~[?:1.8.0_361]
	at sun.rmi.transport.Transport$1.run(Transport.java:200) ~[?:1.8.0_361]
	at sun.rmi.transport.Transport$1.run(Transport.java:197) ~[?:1.8.0_361]
	at java.security.AccessController.doPrivileged(Native Method) ~[?:1.8.0_361]
	at sun.rmi.transport.Transport.serviceCall(Transport.java:196) ~[?:1.8.0_361]
	at sun.rmi.transport.tcp.TCPTransport.handleMessages(TCPTransport.java:573) ~[?:1.8.0_361]
	at sun.rmi.transport.tcp.TCPTransport$ConnectionHandler.run0(TCPTransport.java:834) ~[?:1.8.0_361]
	at sun.rmi.transport.tcp.TCPTransport$ConnectionHandler.lambda$run$0(TCPTransport.java:688) ~[?:1.8.0_361]
	at java.security.AccessController.doPrivileged(Native Method) ~[?:1.8.0_361]
	at sun.rmi.transport.tcp.TCPTransport$ConnectionHandler.run(TCPTransport.java:687) ~[?:1.8.0_361]
	at java.util.concurrent.ThreadPoolExecutor.runWorker(ThreadPoolExecutor.java:1149) ~[?:1.8.0_361]
	at java.util.concurrent.ThreadPoolExecutor$Worker.run(ThreadPoolExecutor.java:624) ~[?:1.8.0_361]
	at java.lang.Thread.run(Thread.java:750) ~[?:1.8.0_361]
	at sun.rmi.transport.StreamRemoteCall.exceptionReceivedFromServer(StreamRemoteCall.java:303) ~[?:1.8.0_361]
	at sun.rmi.transport.StreamRemoteCall.executeCall(StreamRemoteCall.java:279) ~[?:1.8.0_361]
	at sun.rmi.server.UnicastRef.invoke(UnicastRef.java:379) ~[?:1.8.0_361]
	at sun.rmi.registry.RegistryImpl_Stub.bind(RegistryImpl_Stub.java:73) ~[?:1.8.0_361]
	at java.rmi.Naming.bind(Naming.java:128) ~[?:1.8.0_361]
	at com.enactor.core.automation.AUT.remote.AUTControllerServer.start(AUTControllerServer.java:85) ~[core-automation-3.0.9-SNAPSHOT.jar:3.0.9-SNAPSHOT]
	at com.enactor.core.automation.AUT.AUTLauncher.main(AUTLauncher.java:116) ~[core-automation-3.0.9-SNAPSHOT.jar:3.0.9-SNAPSHOT]
2026-07-08 10:07:18.752 [Thread-3] WARN com.enactor.core.manifest.ManifestFileServer - There is no manifest.xml file in the home directory (\manifest.xml).
2026-07-08 10:07:18.753 [Thread-3] ERROR com.enactor.core.utilities.VersionsHelper - Could not load manifest file
com.enactor.core.database.DatabaseException: Failed to load manifest.
	at com.enactor.core.manifest.ManifestFileServer.load(ManifestFileServer.java:64) ~[?:2.7.1795]
	at com.enactor.core.utilities.VersionsHelper.getManifestVersions(VersionsHelper.java:346) ~[?:2.7.1795]
	at com.enactor.core.utilities.VersionsHelper.getVersions(VersionsHelper.java:94) ~[?:2.7.1795]
	at com.enactor.core.utilities.VersionsHelper.getPrimaryVersion(VersionsHelper.java:271) ~[?:2.7.1795]
	at com.enactor.core.utilities.VersionsHelper.getPrimaryVersion(VersionsHelper.java:247) ~[?:2.7.1795]
	at com.enactor.core.utilities.VersionsHelper.getPrimaryVersionString(VersionsHelper.java:256) ~[?:2.7.1795]
	at com.enactor.coreUI.web.PDP.tcp.PDPTCPListener.main(PDPTCPListener.java:211) ~[?:2.7.1795]
	at sun.reflect.NativeMethodAccessorImpl.invoke0(Native Method) ~[?:1.8.0_361]
	at sun.reflect.NativeMethodAccessorImpl.invoke(NativeMethodAccessorImpl.java:62) ~[?:1.8.0_361]
	at sun.reflect.DelegatingMethodAccessorImpl.invoke(DelegatingMethodAccessorImpl.java:43) ~[?:1.8.0_361]
	at java.lang.reflect.Method.invoke(Method.java:498) ~[?:1.8.0_361]
	at com.enactor.core.automation.AUT.AUTLauncher$AUTThread.run(AUTLauncher.java:259) ~[core-automation-3.0.9-SNAPSHOT.jar:3.0.9-SNAPSHOT]
2026-07-08 10:07:18.757 [Thread-3] VITAL com.enactor.coreUI.web.PDP.tcp.PDPTCPListener - PDPTCPListener Starting
Version=3.7.3.1-enactor1.1 - Port=39901
CommandLine=[-runServices, -port:39901]
2026-07-08 10:07:22.146 [JMX RMI Connection Monitor] ERROR com.enactor.core.jmx.rmi.JMXRMIConnectorServerAdaptor - Failed to get database URL. Error Details: Need to specify class name in environment or system property, or as an applet parameter, or in an application resource file:  java.naming.factory.initial
javax.naming.NoInitialContextException: Need to specify class name in environment or system property, or as an applet parameter, or in an application resource file:  java.naming.factory.initial
	at javax.naming.spi.NamingManager.getInitialContext(NamingManager.java:672) ~[?:1.8.0_361]
	at javax.naming.InitialContext.getDefaultInitCtx(InitialContext.java:313) ~[?:1.8.0_361]
	at javax.naming.InitialContext.getURLOrDefaultInitCtx(InitialContext.java:350) ~[?:1.8.0_361]
	at javax.naming.InitialContext.lookup(InitialContext.java:417) ~[?:1.8.0_361]
	at com.enactor.core.jmx.rmi.JMXRMIConnectorServerAdaptor.checkRegisteredWithManagementNode(JMXRMIConnectorServerAdaptor.java:792) ~[?:2.7.1795]
	at com.enactor.core.jmx.rmi.JMXRMIConnectorServerAdaptor.checkConnector(JMXRMIConnectorServerAdaptor.java:482) ~[?:2.7.1795]
	at com.enactor.core.jmx.rmi.JMXRMIConnectorServerAdaptor$CheckThread.run(JMXRMIConnectorServerAdaptor.java:970) ~[?:2.7.1795]
2026-07-08 10:07:22.175 [Thread-3] ERROR com.enactor.coreUI.web.PDP.tcp.PDPTCPListener - Error deploying packages.
java.lang.NullPointerException: null
	at com.enactor.core.deployment.CorePackageDeploymentContext.getFileInputStreamIterator(CorePackageDeploymentContext.java:178) ~[?:2.7.1795]
	at com.enactor.core.deployment.PackageDeployer.readPackages(PackageDeployer.java:61) ~[?:2.7.1795]
	at com.enactor.core.utilities.PackageDeployerUtil.processPackages(PackageDeployerUtil.java:274) ~[?:2.7.1795]
	at com.enactor.coreUI.web.PDP.tcp.PDPTCPListener.initialise(PDPTCPListener.java:448) ~[?:2.7.1795]
	at com.enactor.coreUI.web.PDP.tcp.PDPTCPListener.run(PDPTCPListener.java:384) ~[?:2.7.1795]
	at com.enactor.coreUI.web.PDP.tcp.PDPTCPListener.main(PDPTCPListener.java:215) ~[?:2.7.1795]
	at sun.reflect.NativeMethodAccessorImpl.invoke0(Native Method) ~[?:1.8.0_361]
	at sun.reflect.NativeMethodAccessorImpl.invoke(NativeMethodAccessorImpl.java:62) ~[?:1.8.0_361]
	at sun.reflect.DelegatingMethodAccessorImpl.invoke(DelegatingMethodAccessorImpl.java:43) ~[?:1.8.0_361]
	at java.lang.reflect.Method.invoke(Method.java:498) ~[?:1.8.0_361]
	at com.enactor.core.automation.AUT.AUTLauncher$AUTThread.run(AUTLauncher.java:259) ~[core-automation-3.0.9-SNAPSHOT.jar:3.0.9-SNAPSHOT]
2026-07-08 10:34:24.673 [Thread-2] ERROR com.enactor.core.automation.AUT.AUTLauncher - Failed to start AUT.
java.lang.ClassNotFoundException: com.enactor.coreUI.web.PDP.tcp.PDPTCPListener
	at java.net.URLClassLoader.findClass(URLClassLoader.java:387) ~[?:1.8.0_361]
	at java.lang.ClassLoader.loadClass(ClassLoader.java:418) ~[?:1.8.0_361]
	at sun.misc.Launcher$AppClassLoader.loadClass(Launcher.java:355) ~[?:1.8.0_361]
	at java.lang.ClassLoader.loadClass(ClassLoader.java:351) ~[?:1.8.0_361]
	at java.lang.Class.forName0(Native Method) ~[?:1.8.0_361]
	at java.lang.Class.forName(Class.java:264) ~[?:1.8.0_361]
	at com.enactor.core.automation.AUT.AUTLauncher$AUTThread.run(AUTLauncher.java:249) ~[core-automation-3.0.9-SNAPSHOT.jar:3.0.9-SNAPSHOT]
2026-07-08 10:34:24.721 [main] ERROR com.enactor.core.automation.AUT.remote.AUTControllerServer - Failed to register AUT Server. 
java.rmi.AlreadyBoundException: AUTController
	at sun.rmi.registry.RegistryImpl.bind(RegistryImpl.java:245) ~[?:1.8.0_361]
	at sun.rmi.registry.RegistryImpl_Skel.dispatch(RegistryImpl_Skel.java:98) ~[?:1.8.0_361]
	at sun.rmi.server.UnicastServerRef.oldDispatch(UnicastServerRef.java:469) ~[?:1.8.0_361]
	at sun.rmi.server.UnicastServerRef.dispatch(UnicastServerRef.java:301) ~[?:1.8.0_361]
	at sun.rmi.transport.Transport$1.run(Transport.java:200) ~[?:1.8.0_361]
	at sun.rmi.transport.Transport$1.run(Transport.java:197) ~[?:1.8.0_361]
	at java.security.AccessController.doPrivileged(Native Method) ~[?:1.8.0_361]
	at sun.rmi.transport.Transport.serviceCall(Transport.java:196) ~[?:1.8.0_361]
	at sun.rmi.transport.tcp.TCPTransport.handleMessages(TCPTransport.java:573) ~[?:1.8.0_361]
	at sun.rmi.transport.tcp.TCPTransport$ConnectionHandler.run0(TCPTransport.java:834) ~[?:1.8.0_361]
	at sun.rmi.transport.tcp.TCPTransport$ConnectionHandler.lambda$run$0(TCPTransport.java:688) ~[?:1.8.0_361]
	at java.security.AccessController.doPrivileged(Native Method) ~[?:1.8.0_361]
	at sun.rmi.transport.tcp.TCPTransport$ConnectionHandler.run(TCPTransport.java:687) ~[?:1.8.0_361]
	at java.util.concurrent.ThreadPoolExecutor.runWorker(ThreadPoolExecutor.java:1149) ~[?:1.8.0_361]
	at java.util.concurrent.ThreadPoolExecutor$Worker.run(ThreadPoolExecutor.java:624) ~[?:1.8.0_361]
	at java.lang.Thread.run(Thread.java:750) ~[?:1.8.0_361]
	at sun.rmi.transport.StreamRemoteCall.exceptionReceivedFromServer(StreamRemoteCall.java:303) ~[?:1.8.0_361]
	at sun.rmi.transport.StreamRemoteCall.executeCall(StreamRemoteCall.java:279) ~[?:1.8.0_361]
	at sun.rmi.server.UnicastRef.invoke(UnicastRef.java:379) ~[?:1.8.0_361]
	at sun.rmi.registry.RegistryImpl_Stub.bind(RegistryImpl_Stub.java:73) ~[?:1.8.0_361]
	at java.rmi.Naming.bind(Naming.java:128) ~[?:1.8.0_361]
	at com.enactor.core.automation.AUT.remote.AUTControllerServer.start(AUTControllerServer.java:85) ~[core-automation-3.0.9-SNAPSHOT.jar:3.0.9-SNAPSHOT]
	at com.enactor.core.automation.AUT.AUTLauncher.main(AUTLauncher.java:116) ~[core-automation-3.0.9-SNAPSHOT.jar:3.0.9-SNAPSHOT]
2026-07-08 10:36:15.250 [Thread-2] ERROR com.enactor.core.automation.AUT.AUTLauncher - Failed to start AUT.
java.lang.ClassNotFoundException: com.enactor.coreUI.web.PDP.tcp.PDPTCPListener
	at java.net.URLClassLoader.findClass(URLClassLoader.java:387) ~[?:1.8.0_361]
	at java.lang.ClassLoader.loadClass(ClassLoader.java:418) ~[?:1.8.0_361]
	at sun.misc.Launcher$AppClassLoader.loadClass(Launcher.java:355) ~[?:1.8.0_361]
	at java.lang.ClassLoader.loadClass(ClassLoader.java:351) ~[?:1.8.0_361]
	at java.lang.Class.forName0(Native Method) ~[?:1.8.0_361]
	at java.lang.Class.forName(Class.java:264) ~[?:1.8.0_361]
	at com.enactor.core.automation.AUT.AUTLauncher$AUTThread.run(AUTLauncher.java:249) ~[core-automation-3.0.9-SNAPSHOT.jar:3.0.9-SNAPSHOT]
2026-07-08 10:36:15.288 [main] ERROR com.enactor.core.automation.AUT.remote.AUTControllerServer - Failed to register AUT Server. 
java.rmi.AlreadyBoundException: AUTController
	at sun.rmi.registry.RegistryImpl.bind(RegistryImpl.java:245) ~[?:1.8.0_361]
	at sun.rmi.registry.RegistryImpl_Skel.dispatch(RegistryImpl_Skel.java:98) ~[?:1.8.0_361]
	at sun.rmi.server.UnicastServerRef.oldDispatch(UnicastServerRef.java:469) ~[?:1.8.0_361]
	at sun.rmi.server.UnicastServerRef.dispatch(UnicastServerRef.java:301) ~[?:1.8.0_361]
	at sun.rmi.transport.Transport$1.run(Transport.java:200) ~[?:1.8.0_361]
	at sun.rmi.transport.Transport$1.run(Transport.java:197) ~[?:1.8.0_361]
	at java.security.AccessController.doPrivileged(Native Method) ~[?:1.8.0_361]
	at sun.rmi.transport.Transport.serviceCall(Transport.java:196) ~[?:1.8.0_361]
	at sun.rmi.transport.tcp.TCPTransport.handleMessages(TCPTransport.java:573) ~[?:1.8.0_361]
	at sun.rmi.transport.tcp.TCPTransport$ConnectionHandler.run0(TCPTransport.java:834) ~[?:1.8.0_361]
	at sun.rmi.transport.tcp.TCPTransport$ConnectionHandler.lambda$run$0(TCPTransport.java:688) ~[?:1.8.0_361]
	at java.security.AccessController.doPrivileged(Native Method) ~[?:1.8.0_361]
	at sun.rmi.transport.tcp.TCPTransport$ConnectionHandler.run(TCPTransport.java:687) ~[?:1.8.0_361]
	at java.util.concurrent.ThreadPoolExecutor.runWorker(ThreadPoolExecutor.java:1149) ~[?:1.8.0_361]
	at java.util.concurrent.ThreadPoolExecutor$Worker.run(ThreadPoolExecutor.java:624) ~[?:1.8.0_361]
	at java.lang.Thread.run(Thread.java:750) ~[?:1.8.0_361]
	at sun.rmi.transport.StreamRemoteCall.exceptionReceivedFromServer(StreamRemoteCall.java:303) ~[?:1.8.0_361]
	at sun.rmi.transport.StreamRemoteCall.executeCall(StreamRemoteCall.java:279) ~[?:1.8.0_361]
	at sun.rmi.server.UnicastRef.invoke(UnicastRef.java:379) ~[?:1.8.0_361]
	at sun.rmi.registry.RegistryImpl_Stub.bind(RegistryImpl_Stub.java:73) ~[?:1.8.0_361]
	at java.rmi.Naming.bind(Naming.java:128) ~[?:1.8.0_361]
	at com.enactor.core.automation.AUT.remote.AUTControllerServer.start(AUTControllerServer.java:85) ~[core-automation-3.0.9-SNAPSHOT.jar:3.0.9-SNAPSHOT]
	at com.enactor.core.automation.AUT.AUTLauncher.main(AUTLauncher.java:116) ~[core-automation-3.0.9-SNAPSHOT.jar:3.0.9-SNAPSHOT]
2026-07-08 10:37:37.588 [Thread-2] ERROR com.enactor.core.automation.AUT.AUTLauncher - Failed to start AUT.
java.lang.ClassNotFoundException: com.enactor.coreUI.web.PDP.tcp.PDPTCPListener
	at java.net.URLClassLoader.findClass(URLClassLoader.java:387) ~[?:1.8.0_361]
	at java.lang.ClassLoader.loadClass(ClassLoader.java:418) ~[?:1.8.0_361]
	at sun.misc.Launcher$AppClassLoader.loadClass(Launcher.java:355) ~[?:1.8.0_361]
	at java.lang.ClassLoader.loadClass(ClassLoader.java:351) ~[?:1.8.0_361]
	at java.lang.Class.forName0(Native Method) ~[?:1.8.0_361]
	at java.lang.Class.forName(Class.java:264) ~[?:1.8.0_361]
	at com.enactor.core.automation.AUT.AUTLauncher$AUTThread.run(AUTLauncher.java:249) ~[core-automation-3.0.9-SNAPSHOT.jar:3.0.9-SNAPSHOT]
2026-07-08 10:37:37.625 [main] ERROR com.enactor.core.automation.AUT.remote.AUTControllerServer - Failed to register AUT Server. 
java.rmi.AlreadyBoundException: AUTController
	at sun.rmi.registry.RegistryImpl.bind(RegistryImpl.java:245) ~[?:1.8.0_361]
	at sun.rmi.registry.RegistryImpl_Skel.dispatch(RegistryImpl_Skel.java:98) ~[?:1.8.0_361]
	at sun.rmi.server.UnicastServerRef.oldDispatch(UnicastServerRef.java:469) ~[?:1.8.0_361]
	at sun.rmi.server.UnicastServerRef.dispatch(UnicastServerRef.java:301) ~[?:1.8.0_361]
	at sun.rmi.transport.Transport$1.run(Transport.java:200) ~[?:1.8.0_361]
	at sun.rmi.transport.Transport$1.run(Transport.java:197) ~[?:1.8.0_361]
	at java.security.AccessController.doPrivileged(Native Method) ~[?:1.8.0_361]
	at sun.rmi.transport.Transport.serviceCall(Transport.java:196) ~[?:1.8.0_361]
	at sun.rmi.transport.tcp.TCPTransport.handleMessages(TCPTransport.java:573) ~[?:1.8.0_361]
	at sun.rmi.transport.tcp.TCPTransport$ConnectionHandler.run0(TCPTransport.java:834) ~[?:1.8.0_361]
	at sun.rmi.transport.tcp.TCPTransport$ConnectionHandler.lambda$run$0(TCPTransport.java:688) ~[?:1.8.0_361]
	at java.security.AccessController.doPrivileged(Native Method) ~[?:1.8.0_361]
	at sun.rmi.transport.tcp.TCPTransport$ConnectionHandler.run(TCPTransport.java:687) ~[?:1.8.0_361]
	at java.util.concurrent.ThreadPoolExecutor.runWorker(ThreadPoolExecutor.java:1149) ~[?:1.8.0_361]
	at java.util.concurrent.ThreadPoolExecutor$Worker.run(ThreadPoolExecutor.java:624) ~[?:1.8.0_361]
	at java.lang.Thread.run(Thread.java:750) ~[?:1.8.0_361]
	at sun.rmi.transport.StreamRemoteCall.exceptionReceivedFromServer(StreamRemoteCall.java:303) ~[?:1.8.0_361]
	at sun.rmi.transport.StreamRemoteCall.executeCall(StreamRemoteCall.java:279) ~[?:1.8.0_361]
	at sun.rmi.server.UnicastRef.invoke(UnicastRef.java:379) ~[?:1.8.0_361]
	at sun.rmi.registry.RegistryImpl_Stub.bind(RegistryImpl_Stub.java:73) ~[?:1.8.0_361]
	at java.rmi.Naming.bind(Naming.java:128) ~[?:1.8.0_361]
	at com.enactor.core.automation.AUT.remote.AUTControllerServer.start(AUTControllerServer.java:85) ~[core-automation-3.0.9-SNAPSHOT.jar:3.0.9-SNAPSHOT]
	at com.enactor.core.automation.AUT.AUTLauncher.main(AUTLauncher.java:116) ~[core-automation-3.0.9-SNAPSHOT.jar:3.0.9-SNAPSHOT]
2026-07-08 10:39:00.147 [Thread-2] ERROR com.enactor.core.automation.AUT.AUTLauncher - Failed to start AUT.
java.lang.ClassNotFoundException: com.enactor.coreUI.web.PDP.tcp.PDPTCPListener
	at java.net.URLClassLoader.findClass(URLClassLoader.java:387) ~[?:1.8.0_361]
	at java.lang.ClassLoader.loadClass(ClassLoader.java:418) ~[?:1.8.0_361]
	at sun.misc.Launcher$AppClassLoader.loadClass(Launcher.java:355) ~[?:1.8.0_361]
	at java.lang.ClassLoader.loadClass(ClassLoader.java:351) ~[?:1.8.0_361]
	at java.lang.Class.forName0(Native Method) ~[?:1.8.0_361]
	at java.lang.Class.forName(Class.java:264) ~[?:1.8.0_361]
	at com.enactor.core.automation.AUT.AUTLauncher$AUTThread.run(AUTLauncher.java:249) ~[core-automation-3.0.9-SNAPSHOT.jar:3.0.9-SNAPSHOT]
2026-07-08 10:39:00.184 [main] ERROR com.enactor.core.automation.AUT.remote.AUTControllerServer - Failed to register AUT Server. 
java.rmi.AlreadyBoundException: AUTController
	at sun.rmi.registry.RegistryImpl.bind(RegistryImpl.java:245) ~[?:1.8.0_361]
	at sun.rmi.registry.RegistryImpl_Skel.dispatch(RegistryImpl_Skel.java:98) ~[?:1.8.0_361]
	at sun.rmi.server.UnicastServerRef.oldDispatch(UnicastServerRef.java:469) ~[?:1.8.0_361]
	at sun.rmi.server.UnicastServerRef.dispatch(UnicastServerRef.java:301) ~[?:1.8.0_361]
	at sun.rmi.transport.Transport$1.run(Transport.java:200) ~[?:1.8.0_361]
	at sun.rmi.transport.Transport$1.run(Transport.java:197) ~[?:1.8.0_361]
	at java.security.AccessController.doPrivileged(Native Method) ~[?:1.8.0_361]
	at sun.rmi.transport.Transport.serviceCall(Transport.java:196) ~[?:1.8.0_361]
	at sun.rmi.transport.tcp.TCPTransport.handleMessages(TCPTransport.java:573) ~[?:1.8.0_361]
	at sun.rmi.transport.tcp.TCPTransport$ConnectionHandler.run0(TCPTransport.java:834) ~[?:1.8.0_361]
	at sun.rmi.transport.tcp.TCPTransport$ConnectionHandler.lambda$run$0(TCPTransport.java:688) ~[?:1.8.0_361]
	at java.security.AccessController.doPrivileged(Native Method) ~[?:1.8.0_361]
	at sun.rmi.transport.tcp.TCPTransport$ConnectionHandler.run(TCPTransport.java:687) ~[?:1.8.0_361]
	at java.util.concurrent.ThreadPoolExecutor.runWorker(ThreadPoolExecutor.java:1149) ~[?:1.8.0_361]
	at java.util.concurrent.ThreadPoolExecutor$Worker.run(ThreadPoolExecutor.java:624) ~[?:1.8.0_361]
	at java.lang.Thread.run(Thread.java:750) ~[?:1.8.0_361]
	at sun.rmi.transport.StreamRemoteCall.exceptionReceivedFromServer(StreamRemoteCall.java:303) ~[?:1.8.0_361]
	at sun.rmi.transport.StreamRemoteCall.executeCall(StreamRemoteCall.java:279) ~[?:1.8.0_361]
	at sun.rmi.server.UnicastRef.invoke(UnicastRef.java:379) ~[?:1.8.0_361]
	at sun.rmi.registry.RegistryImpl_Stub.bind(RegistryImpl_Stub.java:73) ~[?:1.8.0_361]
	at java.rmi.Naming.bind(Naming.java:128) ~[?:1.8.0_361]
	at com.enactor.core.automation.AUT.remote.AUTControllerServer.start(AUTControllerServer.java:85) ~[core-automation-3.0.9-SNAPSHOT.jar:3.0.9-SNAPSHOT]
	at com.enactor.core.automation.AUT.AUTLauncher.main(AUTLauncher.java:116) ~[core-automation-3.0.9-SNAPSHOT.jar:3.0.9-SNAPSHOT]
2026-07-08 10:42:38.831 [main] ERROR com.enactor.core.automation.AUT.remote.AUTControllerServer - Failed to register AUT Server. 
java.rmi.AlreadyBoundException: AUTController
	at sun.rmi.registry.RegistryImpl.bind(RegistryImpl.java:245) ~[?:1.8.0_361]
	at sun.rmi.registry.RegistryImpl_Skel.dispatch(RegistryImpl_Skel.java:98) ~[?:1.8.0_361]
	at sun.rmi.server.UnicastServerRef.oldDispatch(UnicastServerRef.java:469) ~[?:1.8.0_361]
	at sun.rmi.server.UnicastServerRef.dispatch(UnicastServerRef.java:301) ~[?:1.8.0_361]
	at sun.rmi.transport.Transport$1.run(Transport.java:200) ~[?:1.8.0_361]
	at sun.rmi.transport.Transport$1.run(Transport.java:197) ~[?:1.8.0_361]
	at java.security.AccessController.doPrivileged(Native Method) ~[?:1.8.0_361]
	at sun.rmi.transport.Transport.serviceCall(Transport.java:196) ~[?:1.8.0_361]
	at sun.rmi.transport.tcp.TCPTransport.handleMessages(TCPTransport.java:573) ~[?:1.8.0_361]
	at sun.rmi.transport.tcp.TCPTransport$ConnectionHandler.run0(TCPTransport.java:834) ~[?:1.8.0_361]
	at sun.rmi.transport.tcp.TCPTransport$ConnectionHandler.lambda$run$0(TCPTransport.java:688) ~[?:1.8.0_361]
	at java.security.AccessController.doPrivileged(Native Method) ~[?:1.8.0_361]
	at sun.rmi.transport.tcp.TCPTransport$ConnectionHandler.run(TCPTransport.java:687) ~[?:1.8.0_361]
	at java.util.concurrent.ThreadPoolExecutor.runWorker(ThreadPoolExecutor.java:1149) ~[?:1.8.0_361]
	at java.util.concurrent.ThreadPoolExecutor$Worker.run(ThreadPoolExecutor.java:624) ~[?:1.8.0_361]
	at java.lang.Thread.run(Thread.java:750) ~[?:1.8.0_361]
	at sun.rmi.transport.StreamRemoteCall.exceptionReceivedFromServer(StreamRemoteCall.java:303) ~[?:1.8.0_361]
	at sun.rmi.transport.StreamRemoteCall.executeCall(StreamRemoteCall.java:279) ~[?:1.8.0_361]
	at sun.rmi.server.UnicastRef.invoke(UnicastRef.java:379) ~[?:1.8.0_361]
	at sun.rmi.registry.RegistryImpl_Stub.bind(RegistryImpl_Stub.java:73) ~[?:1.8.0_361]
	at java.rmi.Naming.bind(Naming.java:128) ~[?:1.8.0_361]
	at com.enactor.core.automation.AUT.remote.AUTControllerServer.start(AUTControllerServer.java:85) ~[core-automation-3.0.9-SNAPSHOT.jar:3.0.9-SNAPSHOT]
	at com.enactor.core.automation.AUT.AUTLauncher.main(AUTLauncher.java:116) ~[core-automation-3.0.9-SNAPSHOT.jar:3.0.9-SNAPSHOT]
2026-07-08 10:57:28.845 [Thread-3] VITAL com.enactor.coreUI.web.PDP.tcp.PDPTCPListener - PDPTCPListener Starting
Version=3.7.3.1-enactor1.1 - Port=39901
CommandLine=[-runServices, -port:39901]
2026-07-08 12:39:54.255 [Thread-3] VITAL com.enactor.coreUI.web.PDP.tcp.PDPTCPListener - PDPTCPListener Starting
Version=3.7.3.1-enactor1.1 - Port=39901
CommandLine=[-runServices, -port:39901]
2026-07-08 12:45:01.261 [Thread-3] VITAL com.enactor.coreUI.web.PDP.tcp.PDPTCPListener - PDPTCPListener Starting
Version=3.7.3.1-enactor1.1 - Port=39901
CommandLine=[-runServices, -port:39901]
2026-07-08 12:50:09.575 [Thread-3] VITAL com.enactor.coreUI.web.PDP.tcp.PDPTCPListener - PDPTCPListener Starting
Version=3.7.3.1-enactor1.1 - Port=39901
CommandLine=[-runServices, -port:39901]
2026-07-08 12:54:28.191 [main] ERROR com.enactor.core.automation.AUT.remote.AUTControllerServer - Failed to register AUT Server. 
java.rmi.AlreadyBoundException: AUTController
	at sun.rmi.registry.RegistryImpl.bind(RegistryImpl.java:245) ~[?:1.8.0_361]
	at sun.rmi.registry.RegistryImpl_Skel.dispatch(RegistryImpl_Skel.java:98) ~[?:1.8.0_361]
	at sun.rmi.server.UnicastServerRef.oldDispatch(UnicastServerRef.java:469) ~[?:1.8.0_361]
	at sun.rmi.server.UnicastServerRef.dispatch(UnicastServerRef.java:301) ~[?:1.8.0_361]
	at sun.rmi.transport.Transport$1.run(Transport.java:200) ~[?:1.8.0_361]
	at sun.rmi.transport.Transport$1.run(Transport.java:197) ~[?:1.8.0_361]
	at java.security.AccessController.doPrivileged(Native Method) ~[?:1.8.0_361]
	at sun.rmi.transport.Transport.serviceCall(Transport.java:196) ~[?:1.8.0_361]
	at sun.rmi.transport.tcp.TCPTransport.handleMessages(TCPTransport.java:573) ~[?:1.8.0_361]
	at sun.rmi.transport.tcp.TCPTransport$ConnectionHandler.run0(TCPTransport.java:834) ~[?:1.8.0_361]
	at sun.rmi.transport.tcp.TCPTransport$ConnectionHandler.lambda$run$0(TCPTransport.java:688) ~[?:1.8.0_361]
	at java.security.AccessController.doPrivileged(Native Method) ~[?:1.8.0_361]
	at sun.rmi.transport.tcp.TCPTransport$ConnectionHandler.run(TCPTransport.java:687) ~[?:1.8.0_361]
	at java.util.concurrent.ThreadPoolExecutor.runWorker(ThreadPoolExecutor.java:1149) ~[?:1.8.0_361]
	at java.util.concurrent.ThreadPoolExecutor$Worker.run(ThreadPoolExecutor.java:624) ~[?:1.8.0_361]
	at java.lang.Thread.run(Thread.java:750) ~[?:1.8.0_361]
	at sun.rmi.transport.StreamRemoteCall.exceptionReceivedFromServer(StreamRemoteCall.java:303) ~[?:1.8.0_361]
	at sun.rmi.transport.StreamRemoteCall.executeCall(StreamRemoteCall.java:279) ~[?:1.8.0_361]
	at sun.rmi.server.UnicastRef.invoke(UnicastRef.java:379) ~[?:1.8.0_361]
	at sun.rmi.registry.RegistryImpl_Stub.bind(RegistryImpl_Stub.java:73) ~[?:1.8.0_361]
	at java.rmi.Naming.bind(Naming.java:128) ~[?:1.8.0_361]
	at com.enactor.core.automation.AUT.remote.AUTControllerServer.start(AUTControllerServer.java:85) ~[core-automation-3.0.9-SNAPSHOT.jar:3.0.9-SNAPSHOT]
	at com.enactor.core.automation.AUT.AUTLauncher.main(AUTLauncher.java:116) ~[core-automation-3.0.9-SNAPSHOT.jar:3.0.9-SNAPSHOT]
2026-07-08 12:54:28.425 [Thread-3] VITAL com.enactor.coreUI.web.PDP.tcp.PDPTCPListener - PDPTCPListener Starting
Version=3.7.3.1-enactor1.1 - Port=39901
CommandLine=[-runServices, -port:39901]
2026-07-08 12:58:58.290 [Thread-3] VITAL com.enactor.coreUI.web.PDP.tcp.PDPTCPListener - PDPTCPListener Starting
Version=3.7.3.1-enactor1.1 - Port=39901
CommandLine=[-runServices, -port:39901]
2026-07-08 13:01:07.907 [main] ERROR com.enactor.core.automation.AUT.remote.AUTControllerServer - Failed to register AUT Server. 
java.rmi.AlreadyBoundException: AUTController
	at sun.rmi.registry.RegistryImpl.bind(RegistryImpl.java:245) ~[?:1.8.0_361]
	at sun.rmi.registry.RegistryImpl_Skel.dispatch(RegistryImpl_Skel.java:98) ~[?:1.8.0_361]
	at sun.rmi.server.UnicastServerRef.oldDispatch(UnicastServerRef.java:469) ~[?:1.8.0_361]
	at sun.rmi.server.UnicastServerRef.dispatch(UnicastServerRef.java:301) ~[?:1.8.0_361]
	at sun.rmi.transport.Transport$1.run(Transport.java:200) ~[?:1.8.0_361]
	at sun.rmi.transport.Transport$1.run(Transport.java:197) ~[?:1.8.0_361]
	at java.security.AccessController.doPrivileged(Native Method) ~[?:1.8.0_361]
	at sun.rmi.transport.Transport.serviceCall(Transport.java:196) ~[?:1.8.0_361]
	at sun.rmi.transport.tcp.TCPTransport.handleMessages(TCPTransport.java:573) ~[?:1.8.0_361]
	at sun.rmi.transport.tcp.TCPTransport$ConnectionHandler.run0(TCPTransport.java:834) ~[?:1.8.0_361]
	at sun.rmi.transport.tcp.TCPTransport$ConnectionHandler.lambda$run$0(TCPTransport.java:688) ~[?:1.8.0_361]
	at java.security.AccessController.doPrivileged(Native Method) ~[?:1.8.0_361]
	at sun.rmi.transport.tcp.TCPTransport$ConnectionHandler.run(TCPTransport.java:687) ~[?:1.8.0_361]
	at java.util.concurrent.ThreadPoolExecutor.runWorker(ThreadPoolExecutor.java:1149) ~[?:1.8.0_361]
	at java.util.concurrent.ThreadPoolExecutor$Worker.run(ThreadPoolExecutor.java:624) ~[?:1.8.0_361]
	at java.lang.Thread.run(Thread.java:750) ~[?:1.8.0_361]
	at sun.rmi.transport.StreamRemoteCall.exceptionReceivedFromServer(StreamRemoteCall.java:303) ~[?:1.8.0_361]
	at sun.rmi.transport.StreamRemoteCall.executeCall(StreamRemoteCall.java:279) ~[?:1.8.0_361]
	at sun.rmi.server.UnicastRef.invoke(UnicastRef.java:379) ~[?:1.8.0_361]
	at sun.rmi.registry.RegistryImpl_Stub.bind(RegistryImpl_Stub.java:73) ~[?:1.8.0_361]
	at java.rmi.Naming.bind(Naming.java:128) ~[?:1.8.0_361]
	at com.enactor.core.automation.AUT.remote.AUTControllerServer.start(AUTControllerServer.java:85) ~[core-automation-3.0.9-SNAPSHOT.jar:3.0.9-SNAPSHOT]
	at com.enactor.core.automation.AUT.AUTLauncher.main(AUTLauncher.java:116) ~[core-automation-3.0.9-SNAPSHOT.jar:3.0.9-SNAPSHOT]
2026-07-08 13:01:08.205 [Thread-3] VITAL com.enactor.coreUI.web.PDP.tcp.PDPTCPListener - PDPTCPListener Starting
Version=3.7.3.1-enactor1.1 - Port=39901
CommandLine=[-runServices, -port:39901]
2026-07-08 13:37:36.554 [Thread-3] VITAL com.enactor.coreUI.web.PDP.tcp.PDPTCPListener - PDPTCPListener Starting
Version=3.7.3.1-enactor1.1 - Port=39901
CommandLine=[-runServices, -port:39901]
2026-07-08 13:40:19.161 [Thread-3] VITAL com.enactor.coreUI.web.PDP.tcp.PDPTCPListener - PDPTCPListener Starting
Version=3.7.3.1-enactor1.1 - Port=39901
CommandLine=[-runServices, -port:39901]
2026-07-08 13:45:09.961 [Thread-3] VITAL com.enactor.coreUI.web.PDP.tcp.PDPTCPListener - PDPTCPListener Starting
Version=3.7.3.1-enactor1.1 - Port=39901
CommandLine=[-runServices, -port:39901]
