2026-07-08 10:58:01.362 [pool-2-thread-1] WARN com.enactor.core.database.DataSourceChecker - Could not connect to datasource java:comp/env/ENACTOR_DATASOURCE. Connection will be retried for 300000ms.
2026-07-08 11:02:28.973 [Thread-3] ERROR com.enactor.core.automation.AUT.AUTLauncher - Failed to start AUT.
java.lang.reflect.InvocationTargetException: null
	at sun.reflect.NativeMethodAccessorImpl.invoke0(Native Method) ~[?:1.8.0_361]
	at sun.reflect.NativeMethodAccessorImpl.invoke(NativeMethodAccessorImpl.java:62) ~[?:1.8.0_361]
	at sun.reflect.DelegatingMethodAccessorImpl.invoke(DelegatingMethodAccessorImpl.java:43) ~[?:1.8.0_361]
	at java.lang.reflect.Method.invoke(Method.java:498) ~[?:1.8.0_361]
	at com.enactor.core.automation.AUT.AUTLauncher$AUTThread.run(AUTLauncher.java:259) ~[core-automation-3.0.9-SNAPSHOT.jar:3.0.9-SNAPSHOT]
Caused by: com.enactor.core.database.DatabaseUnavailableException: com.enactor.core.database.DatabaseException: Failed to get connection; timeout after 300000ms. ErrorCode:'FailedToGetConnection'
	at com.enactor.core.jndi.InMemoryJNDIInitialiser.waitForConnection(InMemoryJNDIInitialiser.java:385) ~[?:2.7.1795]
	at com.enactor.core.jndi.InMemoryJNDIInitialiser.init(InMemoryJNDIInitialiser.java:116) ~[?:2.7.1795]
	at com.enactor.core.jndi.InMemoryJNDIInitialiser.init(InMemoryJNDIInitialiser.java:77) ~[?:2.7.1795]
	at com.enactor.coreUI.web.PDP.tcp.PDPTCPListener.initialise(PDPTCPListener.java:426) ~[?:2.7.1795]
	at com.enactor.coreUI.web.PDP.tcp.PDPTCPListener.run(PDPTCPListener.java:384) ~[?:2.7.1795]
	at com.enactor.coreUI.web.PDP.tcp.PDPTCPListener.main(PDPTCPListener.java:215) ~[?:2.7.1795]
	... 5 more
Caused by: com.enactor.core.database.DatabaseException: Failed to get connection; timeout after 300000ms.
	at com.enactor.core.jndi.InMemoryJNDIInitialiser.waitForConnection(InMemoryJNDIInitialiser.java:385) ~[?:2.7.1795]
	at com.enactor.core.jndi.InMemoryJNDIInitialiser.init(InMemoryJNDIInitialiser.java:116) ~[?:2.7.1795]
	at com.enactor.core.jndi.InMemoryJNDIInitialiser.init(InMemoryJNDIInitialiser.java:77) ~[?:2.7.1795]
	at com.enactor.coreUI.web.PDP.tcp.PDPTCPListener.initialise(PDPTCPListener.java:426) ~[?:2.7.1795]
	at com.enactor.coreUI.web.PDP.tcp.PDPTCPListener.run(PDPTCPListener.java:384) ~[?:2.7.1795]
	at com.enactor.coreUI.web.PDP.tcp.PDPTCPListener.main(PDPTCPListener.java:215) ~[?:2.7.1795]
	... 5 more
2026-07-08 12:38:19.551 [main] ERROR com.enactor.core.automation.AUT.AUTLauncher - Cannot restart application, the main class does not implement IRestartableApplication.
2026-07-08 12:38:19.552 [main] ERROR com.enactor.core.automation.AUT.AUTLauncher - Failed to restart, closing instead...
2026-07-08 12:40:26.883 [pool-2-thread-1] WARN com.enactor.core.database.DataSourceChecker - Could not connect to datasource java:comp/env/ENACTOR_DATASOURCE. Connection will be retried for 300000ms.
2026-07-08 12:41:01.634 [main] ERROR com.enactor.core.automation.AUT.AUTLauncher - Cannot restart application, the main class does not implement IRestartableApplication.
2026-07-08 12:41:01.635 [main] ERROR com.enactor.core.automation.AUT.AUTLauncher - Failed to restart, closing instead...
2026-07-08 12:45:33.953 [pool-2-thread-1] WARN com.enactor.core.database.DataSourceChecker - Could not connect to datasource java:comp/env/ENACTOR_DATASOURCE. Connection will be retried for 300000ms.
2026-07-08 12:47:39.620 [main] ERROR com.enactor.core.automation.AUT.AUTLauncher - Cannot restart application, the main class does not implement IRestartableApplication.
2026-07-08 12:47:39.622 [main] ERROR com.enactor.core.automation.AUT.AUTLauncher - Failed to restart, closing instead...
2026-07-08 12:50:42.141 [pool-2-thread-1] WARN com.enactor.core.database.DataSourceChecker - Could not connect to datasource java:comp/env/ENACTOR_DATASOURCE. Connection will be retried for 300000ms.
2026-07-08 12:55:01.071 [pool-2-thread-1] WARN com.enactor.core.database.DataSourceChecker - Could not connect to datasource java:comp/env/ENACTOR_DATASOURCE. Connection will be retried for 300000ms.
2026-07-08 12:55:09.694 [Thread-3] ERROR com.enactor.core.automation.AUT.AUTLauncher - Failed to start AUT.
java.lang.reflect.InvocationTargetException: null
	at sun.reflect.NativeMethodAccessorImpl.invoke0(Native Method) ~[?:1.8.0_361]
	at sun.reflect.NativeMethodAccessorImpl.invoke(NativeMethodAccessorImpl.java:62) ~[?:1.8.0_361]
	at sun.reflect.DelegatingMethodAccessorImpl.invoke(DelegatingMethodAccessorImpl.java:43) ~[?:1.8.0_361]
	at java.lang.reflect.Method.invoke(Method.java:498) ~[?:1.8.0_361]
	at com.enactor.core.automation.AUT.AUTLauncher$AUTThread.run(AUTLauncher.java:259) ~[core-automation-3.0.9-SNAPSHOT.jar:3.0.9-SNAPSHOT]
Caused by: com.enactor.core.database.DatabaseUnavailableException: com.enactor.core.database.DatabaseException: Failed to get connection; timeout after 300000ms. ErrorCode:'FailedToGetConnection'
	at com.enactor.core.jndi.InMemoryJNDIInitialiser.waitForConnection(InMemoryJNDIInitialiser.java:385) ~[?:2.7.1795]
	at com.enactor.core.jndi.InMemoryJNDIInitialiser.init(InMemoryJNDIInitialiser.java:116) ~[?:2.7.1795]
	at com.enactor.core.jndi.InMemoryJNDIInitialiser.init(InMemoryJNDIInitialiser.java:77) ~[?:2.7.1795]
	at com.enactor.coreUI.web.PDP.tcp.PDPTCPListener.initialise(PDPTCPListener.java:426) ~[?:2.7.1795]
	at com.enactor.coreUI.web.PDP.tcp.PDPTCPListener.run(PDPTCPListener.java:384) ~[?:2.7.1795]
	at com.enactor.coreUI.web.PDP.tcp.PDPTCPListener.main(PDPTCPListener.java:215) ~[?:2.7.1795]
	... 5 more
Caused by: com.enactor.core.database.DatabaseException: Failed to get connection; timeout after 300000ms.
	at com.enactor.core.jndi.InMemoryJNDIInitialiser.waitForConnection(InMemoryJNDIInitialiser.java:385) ~[?:2.7.1795]
	at com.enactor.core.jndi.InMemoryJNDIInitialiser.init(InMemoryJNDIInitialiser.java:116) ~[?:2.7.1795]
	at com.enactor.core.jndi.InMemoryJNDIInitialiser.init(InMemoryJNDIInitialiser.java:77) ~[?:2.7.1795]
	at com.enactor.coreUI.web.PDP.tcp.PDPTCPListener.initialise(PDPTCPListener.java:426) ~[?:2.7.1795]
	at com.enactor.coreUI.web.PDP.tcp.PDPTCPListener.run(PDPTCPListener.java:384) ~[?:2.7.1795]
	at com.enactor.coreUI.web.PDP.tcp.PDPTCPListener.main(PDPTCPListener.java:215) ~[?:2.7.1795]
	... 5 more
2026-07-08 12:59:30.854 [pool-2-thread-1] WARN com.enactor.core.database.DataSourceChecker - Could not connect to datasource java:comp/env/ENACTOR_DATASOURCE. Connection will be retried for 300000ms.
2026-07-08 13:01:40.801 [pool-2-thread-1] WARN com.enactor.core.database.DataSourceChecker - Could not connect to datasource java:comp/env/ENACTOR_DATASOURCE. Connection will be retried for 300000ms.
2026-07-08 13:03:45.410 [main] ERROR com.enactor.core.automation.AUT.AUTLauncher - Cannot restart application, the main class does not implement IRestartableApplication.
2026-07-08 13:03:45.410 [main] ERROR com.enactor.core.automation.AUT.AUTLauncher - Failed to restart, closing instead...
2026-07-08 13:06:08.369 [Thread-3] ERROR com.enactor.core.automation.AUT.AUTLauncher - Failed to start AUT.
java.lang.reflect.InvocationTargetException: null
	at sun.reflect.NativeMethodAccessorImpl.invoke0(Native Method) ~[?:1.8.0_361]
	at sun.reflect.NativeMethodAccessorImpl.invoke(NativeMethodAccessorImpl.java:62) ~[?:1.8.0_361]
	at sun.reflect.DelegatingMethodAccessorImpl.invoke(DelegatingMethodAccessorImpl.java:43) ~[?:1.8.0_361]
	at java.lang.reflect.Method.invoke(Method.java:498) ~[?:1.8.0_361]
	at com.enactor.core.automation.AUT.AUTLauncher$AUTThread.run(AUTLauncher.java:259) ~[core-automation-3.0.9-SNAPSHOT.jar:3.0.9-SNAPSHOT]
Caused by: com.enactor.core.database.DatabaseUnavailableException: com.enactor.core.database.DatabaseException: Failed to get connection; timeout after 300000ms. ErrorCode:'FailedToGetConnection'
	at com.enactor.core.jndi.InMemoryJNDIInitialiser.waitForConnection(InMemoryJNDIInitialiser.java:385) ~[?:2.7.1795]
	at com.enactor.core.jndi.InMemoryJNDIInitialiser.init(InMemoryJNDIInitialiser.java:116) ~[?:2.7.1795]
	at com.enactor.core.jndi.InMemoryJNDIInitialiser.init(InMemoryJNDIInitialiser.java:77) ~[?:2.7.1795]
	at com.enactor.coreUI.web.PDP.tcp.PDPTCPListener.initialise(PDPTCPListener.java:426) ~[?:2.7.1795]
	at com.enactor.coreUI.web.PDP.tcp.PDPTCPListener.run(PDPTCPListener.java:384) ~[?:2.7.1795]
	at com.enactor.coreUI.web.PDP.tcp.PDPTCPListener.main(PDPTCPListener.java:215) ~[?:2.7.1795]
	... 5 more
Caused by: com.enactor.core.database.DatabaseException: Failed to get connection; timeout after 300000ms.
	at com.enactor.core.jndi.InMemoryJNDIInitialiser.waitForConnection(InMemoryJNDIInitialiser.java:385) ~[?:2.7.1795]
	at com.enactor.core.jndi.InMemoryJNDIInitialiser.init(InMemoryJNDIInitialiser.java:116) ~[?:2.7.1795]
	at com.enactor.core.jndi.InMemoryJNDIInitialiser.init(InMemoryJNDIInitialiser.java:77) ~[?:2.7.1795]
	at com.enactor.coreUI.web.PDP.tcp.PDPTCPListener.initialise(PDPTCPListener.java:426) ~[?:2.7.1795]
	at com.enactor.coreUI.web.PDP.tcp.PDPTCPListener.run(PDPTCPListener.java:384) ~[?:2.7.1795]
	at com.enactor.coreUI.web.PDP.tcp.PDPTCPListener.main(PDPTCPListener.java:215) ~[?:2.7.1795]
	... 5 more
2026-07-08 13:38:09.231 [pool-2-thread-1] WARN com.enactor.core.database.DataSourceChecker - Could not connect to datasource java:comp/env/ENACTOR_DATASOURCE. Connection will be retried for 300000ms.
2026-07-08 13:39:19.351 [main] ERROR com.enactor.core.automation.AUT.AUTLauncher - Cannot restart application, the main class does not implement IRestartableApplication.
2026-07-08 13:39:19.352 [main] ERROR com.enactor.core.automation.AUT.AUTLauncher - Failed to restart, closing instead...
2026-07-08 13:40:51.870 [pool-2-thread-1] WARN com.enactor.core.database.DataSourceChecker - Could not connect to datasource java:comp/env/ENACTOR_DATASOURCE. Connection will be retried for 300000ms.
2026-07-08 13:43:15.292 [main] ERROR com.enactor.core.automation.AUT.AUTLauncher - Cannot restart application, the main class does not implement IRestartableApplication.
2026-07-08 13:43:15.292 [main] ERROR com.enactor.core.automation.AUT.AUTLauncher - Failed to restart, closing instead...
2026-07-08 13:45:42.605 [pool-2-thread-1] WARN com.enactor.core.database.DataSourceChecker - Could not connect to datasource java:comp/env/ENACTOR_DATASOURCE. Connection will be retried for 300000ms.
2026-07-08 13:45:52.092 [main] ERROR com.enactor.core.automation.AUT.AUTLauncher - Cannot restart application, the main class does not implement IRestartableApplication.
2026-07-08 13:45:52.092 [main] ERROR com.enactor.core.automation.AUT.AUTLauncher - Failed to restart, closing instead...
